<?xml version="1.0" encoding="UTF-8"?>
<!-- Generated by org.testng.reporters.JUnitXMLReporter -->
<testsuite hostname="DESKTOP-NVCUVC3" ignored="3" name="Native Android App Testing" tests="1" failures="1" timestamp="27 Aug 2017 18:03:43 GMT" time="49.766" errors="0">
  <testcase name="verifyContactNumber" time="4.101" classname="tests.Native_Fab_specs">
    <failure type="java.lang.NullPointerException">
      <![CDATA[java.lang.NullPointerException
	at org.openqa.selenium.support.ui.ExpectedConditions.elementIfVisible(ExpectedConditions.java:302)
	at org.openqa.selenium.support.ui.ExpectedConditions.access$100(ExpectedConditions.java:44)
	at org.openqa.selenium.support.ui.ExpectedConditions$10.apply(ExpectedConditions.java:288)
	at org.openqa.selenium.support.ui.ExpectedConditions$10.apply(ExpectedConditions.java:285)
	at org.openqa.selenium.support.ui.ExpectedConditions$23.apply(ExpectedConditions.java:673)
	at org.openqa.selenium.support.ui.ExpectedConditions$23.apply(ExpectedConditions.java:669)
	at org.openqa.selenium.support.ui.FluentWait.until(FluentWait.java:209)
	at pages.HomeScreen.homePage(HomeScreen.java:16)
	at pages.HomeScreen.viewCutomerCareNum(HomeScreen.java:29)
	at tests.Native_Fab_specs.verifyContactNumber(Native_Fab_specs.java:72)
	at java.util.concurrent.Executors$RunnableAdapter.call(Unknown Source)
	at java.util.concurrent.FutureTask.run(Unknown Source)
	at java.util.concurrent.ThreadPoolExecutor.runWorker(Unknown Source)
	at java.util.concurrent.ThreadPoolExecutor$Worker.run(Unknown Source)
	at java.lang.Thread.run(Unknown Source)
... Removed 7 stack frames]]>
    </failure>
  </testcase> <!-- verifyContactNumber -->
  <testcase name="countLocalitiesAndHotels" time="0.0" classname="tests.Native_Fab_specs">
    <ignored/>
  </testcase> <!-- countLocalitiesAndHotels -->
  <testcase name="verifyCoupon" time="0.0" classname="tests.Native_Fab_specs">
    <ignored/>
  </testcase> <!-- verifyCoupon -->
  <testcase name="SearchFormScreenCount" time="0.0" classname="tests.Native_Fab_specs">
    <ignored/>
  </testcase> <!-- SearchFormScreenCount -->
</testsuite> <!-- Native Android App Testing -->
