<?xml version="1.0" encoding="UTF-8"?>
<testng-results skipped="0" failed="1" ignored="3" total="5" passed="1">
  <reporter-output>
    <line>
      <![CDATA[<a href="C:\Users\Pankaj\Desktop\eclipse workspace\FabHotels//screenshots//verifyContactNumber-08-27-2017_23-35.png"><img src="file:///C:\Users\Pankaj\Desktop\eclipse workspace\FabHotels//screenshots//verifyContactNumber-08-27-2017_23-35.png" alt=""height='100' width='100'/> <br />]]>
    </line>
  </reporter-output>
  <suite name="FabHotels Test Automation" duration-ms="125793" started-at="2017-08-27T18:02:53Z" finished-at="2017-08-27T18:04:59Z">
    <groups>
    </groups>
    <test name="Native Android App Testing" duration-ms="49766" started-at="2017-08-27T18:02:53Z" finished-at="2017-08-27T18:03:43Z">
      <class name="tests.Native_Fab_specs">
        <test-method status="PASS" signature="beforeClass()[pri:0, instance:tests.Native_Fab_specs@4b9e13df]" name="beforeClass" is-config="true" duration-ms="15754" started-at="2017-08-27T23:32:53Z" finished-at="2017-08-27T23:33:09Z">
          <reporter-output>
          </reporter-output>
        </test-method> <!-- beforeClass -->
        <test-method status="PASS" signature="init()[pri:0, instance:tests.Native_Fab_specs@4b9e13df]" name="init" is-config="true" duration-ms="0" started-at="2017-08-27T23:33:09Z" depends-on-methods="utils.BaseCrossPlatformDriver.beforeClass" finished-at="2017-08-27T23:33:09Z">
          <reporter-output>
          </reporter-output>
        </test-method> <!-- init -->
        <test-method status="PASS" signature="setUp()[pri:0, instance:tests.Native_Fab_specs@4b9e13df]" name="setUp" is-config="true" duration-ms="22528" started-at="2017-08-27T23:33:09Z" finished-at="2017-08-27T23:33:31Z">
          <reporter-output>
          </reporter-output>
        </test-method> <!-- setUp -->
        <test-method status="FAIL" signature="verifyContactNumber()[pri:0, instance:tests.Native_Fab_specs@4b9e13df]" name="verifyContactNumber" duration-ms="4101" started-at="2017-08-27T23:33:31Z" description="Verify contact number for customer care" finished-at="2017-08-27T23:33:35Z">
          <exception class="java.lang.NullPointerException">
            <full-stacktrace>
              <![CDATA[java.lang.NullPointerException
	at org.openqa.selenium.support.ui.ExpectedConditions.elementIfVisible(ExpectedConditions.java:302)
	at org.openqa.selenium.support.ui.ExpectedConditions.access$100(ExpectedConditions.java:44)
	at org.openqa.selenium.support.ui.ExpectedConditions$10.apply(ExpectedConditions.java:288)
	at org.openqa.selenium.support.ui.ExpectedConditions$10.apply(ExpectedConditions.java:285)
	at org.openqa.selenium.support.ui.ExpectedConditions$23.apply(ExpectedConditions.java:673)
	at org.openqa.selenium.support.ui.ExpectedConditions$23.apply(ExpectedConditions.java:669)
	at org.openqa.selenium.support.ui.FluentWait.until(FluentWait.java:209)
	at pages.HomeScreen.homePage(HomeScreen.java:16)
	at pages.HomeScreen.viewCutomerCareNum(HomeScreen.java:29)
	at tests.Native_Fab_specs.verifyContactNumber(Native_Fab_specs.java:72)
	at sun.reflect.NativeMethodAccessorImpl.invoke0(Native Method)
	at sun.reflect.NativeMethodAccessorImpl.invoke(Unknown Source)
	at sun.reflect.DelegatingMethodAccessorImpl.invoke(Unknown Source)
	at java.lang.reflect.Method.invoke(Unknown Source)
	at org.testng.internal.MethodInvocationHelper.invokeMethod(MethodInvocationHelper.java:108)
	at org.testng.internal.InvokeMethodRunnable.runOne(InvokeMethodRunnable.java:54)
	at org.testng.internal.InvokeMethodRunnable.run(InvokeMethodRunnable.java:44)
	at java.util.concurrent.Executors$RunnableAdapter.call(Unknown Source)
	at java.util.concurrent.FutureTask.run(Unknown Source)
	at java.util.concurrent.ThreadPoolExecutor.runWorker(Unknown Source)
	at java.util.concurrent.ThreadPoolExecutor$Worker.run(Unknown Source)
	at java.lang.Thread.run(Unknown Source)
]]>
            </full-stacktrace>
          </exception> <!-- java.lang.NullPointerException -->
          <reporter-output>
            <line>
              <![CDATA[<a href="C:\Users\Pankaj\Desktop\eclipse workspace\FabHotels//screenshots//verifyContactNumber-08-27-2017_23-35.png"><img src="file:///C:\Users\Pankaj\Desktop\eclipse workspace\FabHotels//screenshots//verifyContactNumber-08-27-2017_23-35.png" alt=""height='100' width='100'/> <br />]]>
            </line>
          </reporter-output>
        </test-method> <!-- verifyContactNumber -->
        <test-method status="PASS" signature="tearDown()[pri:0, instance:tests.Native_Fab_specs@4b9e13df]" name="tearDown" is-config="true" duration-ms="3447" started-at="2017-08-27T23:33:39Z" finished-at="2017-08-27T23:33:42Z">
          <reporter-output>
          </reporter-output>
        </test-method> <!-- tearDown -->
        <test-method status="PASS" signature="afterClass()[pri:0, instance:tests.Native_Fab_specs@4b9e13df]" name="afterClass" is-config="true" duration-ms="254" started-at="2017-08-27T23:33:42Z" finished-at="2017-08-27T23:33:43Z">
          <reporter-output>
          </reporter-output>
        </test-method> <!-- afterClass -->
      </class> <!-- tests.Native_Fab_specs -->
    </test> <!-- Native Android App Testing -->
    <test name="Web Based Testing" duration-ms="75988" started-at="2017-08-27T18:03:43Z" finished-at="2017-08-27T18:04:59Z">
      <class name="tests.Web_Fab_specs">
        <test-method status="PASS" signature="beforeClass()[pri:0, instance:tests.Web_Fab_specs@685cb137]" name="beforeClass" is-config="true" duration-ms="15388" started-at="2017-08-27T23:33:43Z" finished-at="2017-08-27T23:33:58Z">
          <reporter-output>
          </reporter-output>
        </test-method> <!-- beforeClass -->
        <test-method status="PASS" signature="init()[pri:0, instance:tests.Web_Fab_specs@685cb137]" name="init" is-config="true" duration-ms="0" started-at="2017-08-27T23:33:58Z" depends-on-methods="utils.BaseCrossPlatformDriver.beforeClass" finished-at="2017-08-27T23:33:58Z">
          <reporter-output>
          </reporter-output>
        </test-method> <!-- init -->
        <test-method status="PASS" signature="setUp()[pri:0, instance:tests.Web_Fab_specs@685cb137]" name="setUp" is-config="true" duration-ms="21803" started-at="2017-08-27T23:33:58Z" finished-at="2017-08-27T23:34:20Z">
          <reporter-output>
          </reporter-output>
        </test-method> <!-- setUp -->
        <test-method status="PASS" signature="validateDeepLink()[pri:0, instance:tests.Web_Fab_specs@685cb137]" name="validateDeepLink" duration-ms="34648" started-at="2017-08-27T23:34:20Z" finished-at="2017-08-27T23:34:55Z">
          <reporter-output>
          </reporter-output>
        </test-method> <!-- validateDeepLink -->
        <test-method status="PASS" signature="tearDown()[pri:0, instance:tests.Web_Fab_specs@685cb137]" name="tearDown" is-config="true" duration-ms="3889" started-at="2017-08-27T23:34:55Z" finished-at="2017-08-27T23:34:58Z">
          <reporter-output>
          </reporter-output>
        </test-method> <!-- tearDown -->
        <test-method status="PASS" signature="afterClass()[pri:0, instance:tests.Web_Fab_specs@685cb137]" name="afterClass" is-config="true" duration-ms="251" started-at="2017-08-27T23:34:58Z" finished-at="2017-08-27T23:34:59Z">
          <reporter-output>
          </reporter-output>
        </test-method> <!-- afterClass -->
      </class> <!-- tests.Web_Fab_specs -->
    </test> <!-- Web Based Testing -->
  </suite> <!-- FabHotels Test Automation -->
</testng-results>
