<?xml version="1.0" encoding="UTF-8"?>
<testng-results skipped="0" failed="0" ignored="0" total="1" passed="1">
  <reporter-output>
  </reporter-output>
  <suite name="Default suite" duration-ms="68302" started-at="2017-08-19T23:17:08Z" finished-at="2017-08-19T23:18:16Z">
    <groups>
    </groups>
    <test name="Default test" duration-ms="68302" started-at="2017-08-19T23:17:08Z" finished-at="2017-08-19T23:18:16Z">
      <class name="tests.Web_Fab_specs">
        <test-method status="PASS" signature="beforeClass()[pri:0, instance:tests.Web_Fab_specs@29ee9faa]" name="beforeClass" is-config="true" duration-ms="17358" started-at="2017-08-20T04:47:08Z" finished-at="2017-08-20T04:47:25Z">
          <reporter-output>
          </reporter-output>
        </test-method> <!-- beforeClass -->
        <test-method status="PASS" signature="init()[pri:0, instance:tests.Web_Fab_specs@29ee9faa]" name="init" is-config="true" duration-ms="0" started-at="2017-08-20T04:47:25Z" depends-on-methods="utils.BaseCrossPlatformDriver.beforeClass" finished-at="2017-08-20T04:47:25Z">
          <reporter-output>
          </reporter-output>
        </test-method> <!-- init -->
        <test-method status="PASS" signature="setUp()[pri:0, instance:tests.Web_Fab_specs@29ee9faa]" name="setUp" is-config="true" duration-ms="18496" started-at="2017-08-20T04:47:25Z" finished-at="2017-08-20T04:47:44Z">
          <reporter-output>
          </reporter-output>
        </test-method> <!-- setUp -->
        <test-method status="PASS" signature="validateDeepLink()[pri:0, instance:tests.Web_Fab_specs@29ee9faa]" name="validateDeepLink" duration-ms="29057" started-at="2017-08-20T04:47:44Z" finished-at="2017-08-20T04:48:13Z">
          <reporter-output>
          </reporter-output>
        </test-method> <!-- validateDeepLink -->
        <test-method status="PASS" signature="tearDown()[pri:0, instance:tests.Web_Fab_specs@29ee9faa]" name="tearDown" is-config="true" duration-ms="3333" started-at="2017-08-20T04:48:13Z" finished-at="2017-08-20T04:48:16Z">
          <reporter-output>
          </reporter-output>
        </test-method> <!-- tearDown -->
      </class> <!-- tests.Web_Fab_specs -->
    </test> <!-- Default test -->
  </suite> <!-- Default suite -->
</testng-results>
